<?xml version="1.0" encoding="UTF-8" standalone="no"?>
<!DOCTYPE log SYSTEM "logger.dtd">
<log>
<record>
  <date>2019-03-14T18:30:21</date>
  <millis>1552568421339</millis>
  <sequence>0</sequence>
  <level>START</level>
  <class>com.kms.katalon.core.logging.XmlKeywordLogger</class>
  <method>startSuite</method>
  <thread>1</thread>
  <message>Start Test Suite : Test Suites/ex1Suite</message>
  <nestedLevel>0</nestedLevel>
  <property name="name">ex1Suite</property>
  <property name="description"></property>
  <property name="id">Test Suites/ex1Suite</property>
</record>
<record>
  <date>2019-03-14T18:30:21</date>
  <millis>1552568421357</millis>
  <sequence>1</sequence>
  <level>RUN_DATA</level>
  <class>com.kms.katalon.core.logging.XmlKeywordLogger</class>
  <method>logMessage</method>
  <thread>1</thread>
  <message>hostName = ttuser3 - ubuntu11</message>
  <nestedLevel>0</nestedLevel>
  <property name="hostName">ttuser3 - ubuntu11</property>
</record>
<record>
  <date>2019-03-14T18:30:21</date>
  <millis>1552568421357</millis>
  <sequence>2</sequence>
  <level>RUN_DATA</level>
  <class>com.kms.katalon.core.logging.XmlKeywordLogger</class>
  <method>logMessage</method>
  <thread>1</thread>
  <message>os = Linux 64bit</message>
  <nestedLevel>0</nestedLevel>
  <property name="os">Linux 64bit</property>
</record>
<record>
  <date>2019-03-14T18:30:21</date>
  <millis>1552568421358</millis>
  <sequence>3</sequence>
  <level>RUN_DATA</level>
  <class>com.kms.katalon.core.logging.XmlKeywordLogger</class>
  <method>logMessage</method>
  <thread>1</thread>
  <message>hostAddress = 127.0.1.1</message>
  <nestedLevel>0</nestedLevel>
  <property name="hostAddress">127.0.1.1</property>
</record>
<record>
  <date>2019-03-14T18:30:21</date>
  <millis>1552568421359</millis>
  <sequence>4</sequence>
  <level>RUN_DATA</level>
  <class>com.kms.katalon.core.logging.XmlKeywordLogger</class>
  <method>logMessage</method>
  <thread>1</thread>
  <message>katalonVersion = 6.0.5.10</message>
  <nestedLevel>0</nestedLevel>
  <property name="katalonVersion">6.0.5.10</property>
</record>
<record>
  <date>2019-03-14T18:30:21</date>
  <millis>1552568421614</millis>
  <sequence>5</sequence>
  <level>START</level>
  <class>com.kms.katalon.core.logging.XmlKeywordLogger</class>
  <method>startTest</method>
  <thread>1</thread>
  <message>Start Test Case : Test Cases/ex1</message>
  <nestedLevel>1</nestedLevel>
  <property name="name">Test Cases/ex1</property>
  <property name="description"></property>
  <property name="id">Test Cases/ex1</property>
  <property name="source">\\home\\ttuser3\\Katalon Studio\\FirstProject\\Test Cases\\ex1.tc</property>
  <property name="isOptional">false</property>
</record>
<record>
  <date>2019-03-14T18:30:21</date>
  <millis>1552568421635</millis>
  <sequence>7</sequence>
  <level>INFO</level>
  <class>com.kms.katalon.core.logging.XmlKeywordLogger</class>
  <method>logMessage</method>
  <thread>1</thread>
  <message>PerDate = 20</message>
  <nestedLevel>1</nestedLevel>
</record>
<record>
  <date>2019-03-14T18:30:22</date>
  <millis>1552568422273</millis>
  <sequence>8</sequence>
  <level>START</level>
  <class>com.kms.katalon.core.logging.XmlKeywordLogger</class>
  <method>startKeyword</method>
  <thread>1</thread>
  <message>Start action : openBrowser(\&amp;quot;https://www.goibibo.com/\&amp;quot;)</message>
  <nestedLevel>1</nestedLevel>
  <property name="startLine">23</property>
  <property name="stepIndex">1</property>
</record>
<record>
  <date>2019-03-14T18:30:22</date>
  <millis>1552568422515</millis>
  <sequence>10</sequence>
  <level>INFO</level>
  <class>com.kms.katalon.core.logging.XmlKeywordLogger</class>
  <method>logMessage</method>
  <thread>1</thread>
  <message>Starting &amp;apos;Chrome&amp;apos; driver</message>
  <nestedLevel>1</nestedLevel>
</record>
<record>
  <date>2019-03-14T18:30:22</date>
  <millis>1552568422557</millis>
  <sequence>11</sequence>
  <level>INFO</level>
  <class>com.kms.katalon.core.logging.XmlKeywordLogger</class>
  <method>logMessage</method>
  <thread>1</thread>
  <message>Action delay is set to 0 seconds</message>
  <nestedLevel>1</nestedLevel>
</record>
<record>
  <date>2019-03-14T18:30:25</date>
  <millis>1552568425998</millis>
  <sequence>13</sequence>
  <level>RUN_DATA</level>
  <class>com.kms.katalon.core.logging.XmlKeywordLogger</class>
  <method>logMessage</method>
  <thread>1</thread>
  <message>sessionId = 15dca04e7c3181e428ea202fa015f0a5</message>
  <nestedLevel>1</nestedLevel>
  <property name="sessionId">15dca04e7c3181e428ea202fa015f0a5</property>
</record>
<record>
  <date>2019-03-14T18:30:26</date>
  <millis>1552568426134</millis>
  <sequence>14</sequence>
  <level>RUN_DATA</level>
  <class>com.kms.katalon.core.logging.XmlKeywordLogger</class>
  <method>logMessage</method>
  <thread>1</thread>
  <message>browser = Chrome 71.0.3578.98</message>
  <nestedLevel>1</nestedLevel>
  <property name="browser">Chrome 71.0.3578.98</property>
</record>
<record>
  <date>2019-03-14T18:30:26</date>
  <millis>1552568426134</millis>
  <sequence>15</sequence>
  <level>RUN_DATA</level>
  <class>com.kms.katalon.core.logging.XmlKeywordLogger</class>
  <method>logMessage</method>
  <thread>1</thread>
  <message>platform = Linux</message>
  <nestedLevel>1</nestedLevel>
  <property name="platform">Linux</property>
</record>
<record>
  <date>2019-03-14T18:30:26</date>
  <millis>1552568426146</millis>
  <sequence>16</sequence>
  <level>RUN_DATA</level>
  <class>com.kms.katalon.core.logging.XmlKeywordLogger</class>
  <method>logMessage</method>
  <thread>1</thread>
  <message>seleniumVersion = 3.7.1</message>
  <nestedLevel>1</nestedLevel>
  <property name="seleniumVersion">3.7.1</property>
</record>
<record>
  <date>2019-03-14T18:30:26</date>
  <millis>1552568426147</millis>
  <sequence>17</sequence>
  <level>RUN_DATA</level>
  <class>com.kms.katalon.core.logging.XmlKeywordLogger</class>
  <method>logMessage</method>
  <thread>1</thread>
  <message>proxyInformation = ProxyInformation{proxyOption=NO_PROXY, proxyServerType=HTTP, password=, proxyServerAddress=, proxyServerPort=0}</message>
  <nestedLevel>1</nestedLevel>
  <property name="proxyInformation">ProxyInformation{proxyOption=NO_PROXY, proxyServerType=HTTP, password=, proxyServerAddress=, proxyServerPort=0}</property>
</record>
<record>
  <date>2019-03-14T18:30:29</date>
  <millis>1552568429230</millis>
  <sequence>19</sequence>
  <level>PASSED</level>
  <class>com.kms.katalon.core.logging.XmlKeywordLogger</class>
  <method>logMessage</method>
  <thread>1</thread>
  <message>Browser is opened with url: &amp;apos;https://www.goibibo.com/&amp;apos;</message>
  <nestedLevel>1</nestedLevel>
</record>
<record>
  <date>2019-03-14T18:30:29</date>
  <millis>1552568429231</millis>
  <sequence>20</sequence>
  <level>END</level>
  <class>com.kms.katalon.core.logging.XmlKeywordLogger</class>
  <method>endKeyword</method>
  <thread>1</thread>
  <message>End action : openBrowser(\&amp;quot;https://www.goibibo.com/\&amp;quot;)</message>
  <nestedLevel>1</nestedLevel>
</record>
<record>
  <date>2019-03-14T18:30:29</date>
  <millis>1552568429231</millis>
  <sequence>21</sequence>
  <level>START</level>
  <class>com.kms.katalon.core.logging.XmlKeywordLogger</class>
  <method>startKeyword</method>
  <thread>1</thread>
  <message>Start action : sleep(2000)</message>
  <nestedLevel>1</nestedLevel>
  <property name="startLine">25</property>
  <property name="stepIndex">2</property>
</record>
<record>
  <date>2019-03-14T18:30:31</date>
  <millis>1552568431236</millis>
  <sequence>22</sequence>
  <level>END</level>
  <class>com.kms.katalon.core.logging.XmlKeywordLogger</class>
  <method>endKeyword</method>
  <thread>1</thread>
  <message>End action : sleep(2000)</message>
  <nestedLevel>1</nestedLevel>
</record>
<record>
  <date>2019-03-14T18:30:31</date>
  <millis>1552568431236</millis>
  <sequence>23</sequence>
  <level>START</level>
  <class>com.kms.katalon.core.logging.XmlKeywordLogger</class>
  <method>startKeyword</method>
  <thread>1</thread>
  <message>Start action : newPackage.Auto.ddate()</message>
  <nestedLevel>1</nestedLevel>
  <property name="startLine">26</property>
  <property name="stepIndex">3</property>
</record>
<record>
  <date>2019-03-14T18:30:31</date>
  <millis>1552568431248</millis>
  <sequence>24</sequence>
  <level>ERROR</level>
  <class>com.kms.katalon.core.logging.XmlKeywordLogger</class>
  <method>logMessage</method>
  <thread>1</thread>
  <message>No signature of method: newPackage.Auto.ddate() is applicable for argument types: () values: []\nPossible solutions: ddate(int), wait(), act(), any(), dump(), wait(long)</message>
  <nestedLevel>1</nestedLevel>
</record>
<record>
  <date>2019-03-14T18:30:31</date>
  <millis>1552568431265</millis>
  <sequence>26</sequence>
  <logger>com.kms.katalon.core.logging.XmlKeywordLogger</logger>
  <level>ERROR</level>
  <class>com.kms.katalon.core.logging.XmlKeywordLogger</class>
  <method>logMessage</method>
  <thread>1</thread>
  <message>newPackage.Auto.ddate() FAILED.\nReason:\norg.codehaus.groovy.runtime.metaclass.MissingMethodExceptionNoStack: No signature of method: newPackage.Auto.ddate() is applicable for argument types: () values: []\nPossible solutions: ddate(int), wait(), act(), any(), dump(), wait(long)\n</message>
  <exception>
    <message>org.codehaus.groovy.runtime.metaclass.MissingMethodExceptionNoStack: No signature of method: newPackage.Auto.ddate() is applicable for argument types: () values: []
Possible solutions: ddate(int), wait(), act(), any(), dump(), wait(long)</message>
  </exception>
  <nestedLevel>0</nestedLevel>
</record>
<record>
  <date>2019-03-14T18:30:31</date>
  <millis>1552568431267</millis>
  <sequence>27</sequence>
  <level>END</level>
  <class>com.kms.katalon.core.logging.XmlKeywordLogger</class>
  <method>endKeyword</method>
  <thread>1</thread>
  <message>End action : newPackage.Auto.ddate()</message>
  <nestedLevel>1</nestedLevel>
</record>
<record>
  <date>2019-03-14T18:30:31</date>
  <millis>1552568431273</millis>
  <sequence>29</sequence>
  <logger>com.kms.katalon.core.logging.XmlKeywordLogger</logger>
  <level>ERROR</level>
  <class>com.kms.katalon.core.logging.XmlKeywordLogger</class>
  <method>logMessage</method>
  <thread>1</thread>
  <message>Test Cases/ex1 FAILED.\nReason:\norg.codehaus.groovy.runtime.metaclass.MissingMethodExceptionNoStack: No signature of method: newPackage.Auto.ddate() is applicable for argument types: () values: []\nPossible solutions: ddate(int), wait(), act(), any(), dump(), wait(long)\n</message>
  <exception>
    <message>org.codehaus.groovy.runtime.metaclass.MissingMethodExceptionNoStack: No signature of method: newPackage.Auto.ddate() is applicable for argument types: () values: []
Possible solutions: ddate(int), wait(), act(), any(), dump(), wait(long)</message>
  </exception>
  <nestedLevel>0</nestedLevel>
</record>
<record>
  <date>2019-03-14T18:30:33</date>
  <millis>1552568433353</millis>
  <sequence>30</sequence>
  <level>END</level>
  <class>com.kms.katalon.core.logging.XmlKeywordLogger</class>
  <method>endTest</method>
  <thread>1</thread>
  <message>End Test Case : Test Cases/ex1</message>
  <nestedLevel>0</nestedLevel>
</record>
<record>
  <date>2019-03-14T18:30:33</date>
  <millis>1552568433473</millis>
  <sequence>31</sequence>
  <level>END</level>
  <class>com.kms.katalon.core.logging.XmlKeywordLogger</class>
  <method>endSuite</method>
  <thread>1</thread>
  <message>End Test Suite : Test Suites/ex1Suite</message>
  <nestedLevel>0</nestedLevel>
</record>
</log>
